[    23.600] _XSERVTransSocketUNIXCreateListener: ...SocketCreateListener() failed
[    23.600] _XSERVTransMakeAllCOTSServerListeners: server already running
[    23.600] (--) Log file renamed from "/home/jiayao/.local/share/xorg/Xorg.pid-1158.log" to "/home/jiayao/.local/share/xorg/Xorg.1.log"
[    23.601] 
X.Org X Server 1.20.4
X Protocol Version 11, Revision 0
[    23.601] Build Operating System: Linux 4.4.0-148-generic x86_64 Ubuntu
[    23.601] Current Operating System: Linux jiayao-VirtualBox 5.0.0-23-generic #24~18.04.1-Ubuntu SMP Mon Jul 29 16:12:28 UTC 2019 x86_64
[    23.601] Kernel command line: BOOT_IMAGE=/boot/vmlinuz-5.0.0-23-generic root=UUID=790dba9d-6ae8-43f9-b8e4-03ca54026eab ro quiet splash
[    23.603] Build Date: 02 May 2019  08:06:54AM
[    23.603] xorg-server-hwe-18.04 2:1.20.4-1ubuntu3~18.04.1 (For technical support please see http://www.ubuntu.com/support) 
[    23.603] Current version of pixman: 0.34.0
[    23.603] 	Before reporting problems, check http://wiki.x.org
	to make sure that you have the latest version.
[    23.603] Markers: (--) probed, (**) from config file, (==) default setting,
	(++) from command line, (!!) notice, (II) informational,
	(WW) warning, (EE) error, (NI) not implemented, (??) unknown.
[    23.604] (==) Log file: "/home/jiayao/.local/share/xorg/Xorg.1.log", Time: Fri Sep  6 13:10:57 2019
[    23.604] (==) Using system config directory "/usr/share/X11/xorg.conf.d"
[    23.604] (==) No Layout section.  Using the first Screen section.
[    23.604] (==) No screen section available. Using defaults.
[    23.604] (**) |-->Screen "Default Screen Section" (0)
[    23.604] (**) |   |-->Monitor "<default monitor>"
[    23.605] (==) No monitor specified for screen "Default Screen Section".
	Using a default monitor configuration.
[    23.605] (==) Automatically adding devices
[    23.605] (==) Automatically enabling devices
[    23.605] (==) Automatically adding GPU devices
[    23.605] (==) Automatically binding GPU devices
[    23.605] (==) Max clients allowed: 256, resource mask: 0x1fffff
[    23.605] (WW) The directory "/usr/share/fonts/X11/cyrillic" does not exist.
[    23.605] 	Entry deleted from font path.
[    23.606] (WW) The directory "/usr/share/fonts/X11/100dpi/" does not exist.
[    23.606] 	Entry deleted from font path.
[    23.606] (WW) The directory "/usr/share/fonts/X11/75dpi/" does not exist.
[    23.606] 	Entry deleted from font path.
[    23.607] (WW) The directory "/usr/share/fonts/X11/100dpi" does not exist.
[    23.607] 	Entry deleted from font path.
[    23.607] (WW) The directory "/usr/share/fonts/X11/75dpi" does not exist.
[    23.607] 	Entry deleted from font path.
[    23.607] (==) FontPath set to:
	/usr/share/fonts/X11/misc,
	/usr/share/fonts/X11/Type1,
	built-ins
[    23.607] (==) ModulePath set to "/usr/lib/xorg/modules"
[    23.608] (II) The server relies on udev to provide the list of input devices.
	If no devices become available, reconfigure udev or disable AutoAddDevices.
[    23.608] (II) Loader magic: 0x558367fc5020
[    23.608] (II) Module ABI versions:
[    23.608] 	X.Org ANSI C Emulation: 0.4
[    23.608] 	X.Org Video Driver: 24.0
[    23.608] 	X.Org XInput driver : 24.1
[    23.608] 	X.Org Server Extension : 10.0
[    23.609] (++) using VT number 2

[    23.611] (II) systemd-logind: took control of session /org/freedesktop/login1/session/_33
[    23.613] (II) xfree86: Adding drm device (/dev/dri/card0)
[    23.616] (II) systemd-logind: got fd for /dev/dri/card0 226:0 fd 13 paused 0
[    23.620] (--) PCI:*(0@0:2:0) 15ad:0405:15ad:0405 rev 0, Mem @ 0xf0000000/16777216, 0xf1000000/2097152, I/O @ 0x0000d010/16, BIOS @ 0x????????/131072
[    23.620] (II) LoadModule: "glx"
[    23.621] (II) Loading /usr/lib/xorg/modules/extensions/libglx.so
[    23.622] (II) Module glx: vendor="X.Org Foundation"
[    23.622] 	compiled for 1.20.4, module version = 1.0.0
[    23.623] 	ABI class: X.Org Server Extension, version 10.0
[    23.623] (==) Matched vmware as autoconfigured driver 0
[    23.623] (==) Matched modesetting as autoconfigured driver 1
[    23.624] (==) Matched fbdev as autoconfigured driver 2
[    23.624] (==) Matched vesa as autoconfigured driver 3
[    23.624] (==) Assigned the driver to the xf86ConfigLayout
[    23.624] (II) LoadModule: "vmware"
[    23.624] (II) Loading /usr/lib/xorg/modules/drivers/vmware_drv.so
[    23.668] (II) Module vmware: vendor="X.Org Foundation"
[    23.668] 	compiled for 1.20.1, module version = 13.3.0
[    23.668] 	Module class: X.Org Video Driver
[    23.668] 	ABI class: X.Org Video Driver, version 24.0
[    23.669] (II) LoadModule: "modesetting"
[    23.669] (II) Loading /usr/lib/xorg/modules/drivers/modesetting_drv.so
[    23.669] (II) Module modesetting: vendor="X.Org Foundation"
[    23.669] 	compiled for 1.20.4, module version = 1.20.4
[    23.669] 	Module class: X.Org Video Driver
[    23.669] 	ABI class: X.Org Video Driver, version 24.0
[    23.669] (II) LoadModule: "fbdev"
[    23.670] (II) Loading /usr/lib/xorg/modules/drivers/fbdev_drv.so
[    23.670] (II) Module fbdev: vendor="X.Org Foundation"
[    23.670] 	compiled for 1.20.1, module version = 0.5.0
[    23.670] 	Module class: X.Org Video Driver
[    23.670] 	ABI class: X.Org Video Driver, version 24.0
[    23.671] (II) LoadModule: "vesa"
[    23.671] (II) Loading /usr/lib/xorg/modules/drivers/vesa_drv.so
[    23.671] (II) Module vesa: vendor="X.Org Foundation"
[    23.671] 	compiled for 1.20.1, module version = 2.4.0
[    23.672] 	Module class: X.Org Video Driver
[    23.672] 	ABI class: X.Org Video Driver, version 24.0
[    23.672] (II) vmware: driver for VMware SVGA: vmware0405, vmware0710
[    23.672] (II) modesetting: Driver for Modesetting Kernel Drivers: kms
[    23.672] (II) FBDEV: driver for framebuffer: fbdev
[    23.672] (II) VESA: driver for VESA chipsets: vesa
[    23.672] xf86EnableIOPorts: failed to set IOPL for I/O (Operation not permitted)
[    23.672] (WW) Falling back to old probe method for modesetting
[    23.672] (WW) Falling back to old probe method for fbdev
[    23.673] (II) Loading sub module "fbdevhw"
[    23.673] (II) LoadModule: "fbdevhw"
[    23.673] (II) Loading /usr/lib/xorg/modules/libfbdevhw.so
[    23.673] (II) Module fbdevhw: vendor="X.Org Foundation"
[    23.673] 	compiled for 1.20.4, module version = 0.0.2
[    23.673] 	ABI class: X.Org Video Driver, version 24.0
[    23.674] (EE) open /dev/fb0: Permission denied
[    23.674] (WW) VGA arbiter: cannot open kernel arbiter, no multi-card support
[    23.674] (II) vmware(0): Creating default Display subsection in Screen section
	"Default Screen Section" for depth/fbbpp 24/32
[    23.674] (--) vmware(0): DRM driver version is 2.15.0
[    23.674] (==) vmware(0): Depth 24, (--) framebuffer bpp 32
[    23.674] (==) vmware(0): RGB weight 888
[    23.674] (==) vmware(0): Default visual is TrueColor
[    23.675] (--) vmware(0): Min width 1, Max Width 8192.
[    23.675] (--) vmware(0): Min height 1, Max Height 8192.
[    23.675] (II) vmware(0): Output Virtual1 has no monitor section
[    23.675] (II) vmware(0): Output Virtual2 has no monitor section
[    23.676] (II) vmware(0): Output Virtual3 has no monitor section
[    23.676] (II) vmware(0): Output Virtual4 has no monitor section
[    23.676] (II) vmware(0): Output Virtual5 has no monitor section
[    23.676] (II) vmware(0): Output Virtual6 has no monitor section
[    23.676] (II) vmware(0): Output Virtual7 has no monitor section
[    23.676] (II) vmware(0): Output Virtual8 has no monitor section
[    23.677] (II) vmware(0): Printing probed modes for output Virtual1
[    23.677] (II) vmware(0): Modeline "800x600"x60.0   42.75  800 850 900 950  600 650 700 750 -hsync +vsync (45.0 kHz eP)
[    23.678] (II) vmware(0): Modeline "2560x1600"x60.0  348.50  2560 2752 3032 3504  1600 1603 1609 1658 -hsync +vsync (99.5 kHz e)
[    23.678] (II) vmware(0): Modeline "1920x1440"x60.0  234.00  1920 2048 2256 2600  1440 1441 1444 1500 -hsync +vsync (90.0 kHz e)
[    23.678] (II) vmware(0): Modeline "1856x1392"x60.0  218.25  1856 1952 2176 2528  1392 1393 1396 1439 -hsync +vsync (86.3 kHz e)
[    23.678] (II) vmware(0): Modeline "1792x1344"x60.0  204.75  1792 1920 2120 2448  1344 1345 1348 1394 -hsync +vsync (83.6 kHz e)
[    23.678] (II) vmware(0): Modeline "1920x1200"x59.9  193.25  1920 2056 2256 2592  1200 1203 1209 1245 -hsync +vsync (74.6 kHz e)
[    23.678] (II) vmware(0): Modeline "1600x1200"x60.0  162.00  1600 1664 1856 2160  1200 1201 1204 1250 +hsync +vsync (75.0 kHz e)
[    23.678] (II) vmware(0): Modeline "1680x1050"x60.0  146.25  1680 1784 1960 2240  1050 1053 1059 1089 -hsync +vsync (65.3 kHz e)
[    23.678] (II) vmware(0): Modeline "1400x1050"x60.0  121.75  1400 1488 1632 1864  1050 1053 1057 1089 -hsync +vsync (65.3 kHz e)
[    23.678] (II) vmware(0): Modeline "1280x1024"x60.0  108.00  1280 1328 1440 1688  1024 1025 1028 1066 +hsync +vsync (64.0 kHz e)
[    23.678] (II) vmware(0): Modeline "1440x900"x59.9  106.50  1440 1520 1672 1904  900 903 909 934 -hsync +vsync (55.9 kHz e)
[    23.678] (II) vmware(0): Modeline "1280x960"x60.0  108.00  1280 1376 1488 1800  960 961 964 1000 +hsync +vsync (60.0 kHz e)
[    23.679] (II) vmware(0): Modeline "1360x768"x60.0   85.50  1360 1424 1536 1792  768 771 777 795 +hsync +vsync (47.7 kHz e)
[    23.679] (II) vmware(0): Modeline "1280x800"x59.8   83.50  1280 1352 1480 1680  800 803 809 831 +hsync -vsync (49.7 kHz e)
[    23.679] (II) vmware(0): Modeline "1152x864"x75.0  108.00  1152 1216 1344 1600  864 865 868 900 +hsync +vsync (67.5 kHz e)
[    23.679] (II) vmware(0): Modeline "1280x768"x59.9   79.50  1280 1344 1472 1664  768 771 778 798 -hsync +vsync (47.8 kHz e)
[    23.679] (II) vmware(0): Modeline "1024x768"x60.0   65.00  1024 1048 1184 1344  768 771 777 806 -hsync -vsync (48.4 kHz e)
[    23.679] (II) vmware(0): Modeline "800x600"x60.3   40.00  800 840 968 1056  600 601 605 628 +hsync +vsync (37.9 kHz e)
[    23.679] (II) vmware(0): Modeline "640x480"x59.9   25.18  640 656 752 800  480 489 492 525 -hsync -vsync (31.5 kHz e)
[    23.679] (II) vmware(0): EDID for output Virtual2
[    23.679] (II) vmware(0): EDID for output Virtual3
[    23.680] (II) vmware(0): EDID for output Virtual4
[    23.680] (II) vmware(0): EDID for output Virtual5
[    23.680] (II) vmware(0): EDID for output Virtual6
[    23.680] (II) vmware(0): EDID for output Virtual7
[    23.680] (II) vmware(0): EDID for output Virtual8
[    23.680] (II) vmware(0): Output Virtual1 connected
[    23.680] (II) vmware(0): Output Virtual2 disconnected
[    23.680] (II) vmware(0): Output Virtual3 disconnected
[    23.681] (II) vmware(0): Output Virtual4 disconnected
[    23.681] (II) vmware(0): Output Virtual5 disconnected
[    23.681] (II) vmware(0): Output Virtual6 disconnected
[    23.682] (II) vmware(0): Output Virtual7 disconnected
[    23.682] (II) vmware(0): Output Virtual8 disconnected
[    23.682] (II) vmware(0): Using exact sizes for initial modes
[    23.682] (II) vmware(0): Output Virtual1 using initial mode 800x600 +0+0
[    23.682] (==) vmware(0): DPI set to (96, 96)
[    23.682] (==) vmware(0): Using gamma correction (1.0, 1.0, 1.0)
[    23.682] (II) Loading sub module "fb"
[    23.682] (II) LoadModule: "fb"
[    23.682] (II) Loading /usr/lib/xorg/modules/libfb.so
[    23.682] (II) Module fb: vendor="X.Org Foundation"
[    23.682] 	compiled for 1.20.4, module version = 1.0.0
[    23.682] 	ABI class: X.Org ANSI C Emulation, version 0.4
[    23.682] (II) Loading sub module "dri2"
[    23.682] (II) LoadModule: "dri2"
[    23.682] (II) Module "dri2" already built-in
[    23.682] (II) Loading sub module "dri3"
[    23.682] (II) LoadModule: "dri3"
[    23.682] (II) Module "dri3" already built-in
[    23.682] (II) UnloadModule: "modesetting"
[    23.682] (II) Unloading modesetting
[    23.682] (II) UnloadModule: "fbdev"
[    23.682] (II) Unloading fbdev
[    23.682] (II) UnloadSubModule: "fbdevhw"
[    23.682] (II) Unloading fbdevhw
[    23.682] (II) UnloadModule: "vesa"
[    23.682] (II) Unloading vesa
[    23.682] (II) vmware(0): Initialized VMWARE_CTRL extension version 0.2
[    23.684] (WW) vmware(0): Failed to initialize Gallium3D Xa. No render acceleration available.
[    23.684] (WW) vmware(0): Skipped initialization of direct rendering due to lack of render acceleration.
[    23.684] (--) vmware(0): Render acceleration is disabled.
[    23.684] (==) vmware(0): Rendercheck mode is disabled.
[    23.684] (--) vmware(0): Direct rendering (DRI2 3D) is disabled.
[    23.684] (--) vmware(0): Direct rendering (DRI3 3D) is disabled.
[    23.684] (==) vmware(0): Backing store enabled
[    23.684] (==) vmware(0): Silken mouse enabled
[    23.684] (==) vmware(0): DPMS enabled
[    23.684] (II) vmware(0): No 3D acceleration. Not setting up textured video.
[    23.684] (WW) vmware(0): Disabling Xv because no adaptors could be initialized.
[    23.684] (II) Initializing extension Generic Event Extension
[    23.684] (II) Initializing extension SHAPE
[    23.684] (II) Initializing extension MIT-SHM
[    23.684] (II) Initializing extension XInputExtension
[    23.684] (II) Initializing extension XTEST
[    23.684] (II) Initializing extension BIG-REQUESTS
[    23.685] (II) Initializing extension SYNC
[    23.685] (II) Initializing extension XKEYBOARD
[    23.685] (II) Initializing extension XC-MISC
[    23.685] (II) Initializing extension SECURITY
[    23.685] (II) Initializing extension XFIXES
[    23.685] (II) Initializing extension RENDER
[    23.685] (II) Initializing extension RANDR
[    23.685] (II) Initializing extension COMPOSITE
[    23.685] (II) Initializing extension DAMAGE
[    23.685] (II) Initializing extension MIT-SCREEN-SAVER
[    23.685] (II) Initializing extension DOUBLE-BUFFER
[    23.685] (II) Initializing extension RECORD
[    23.685] (II) Initializing extension DPMS
[    23.686] (II) Initializing extension Present
[    23.686] (II) Initializing extension DRI3
[    23.686] (II) Initializing extension X-Resource
[    23.686] (II) Initializing extension XVideo
[    23.686] (II) Initializing extension XVideo-MotionCompensation
[    23.686] (II) Initializing extension SELinux
[    23.686] (II) SELinux: Disabled on system
[    23.686] (II) Initializing extension GLX
[    23.686] (II) AIGLX: Screen 0 is not DRI2 capable
[    23.700] (II) IGLX: Loaded and initialized swrast
[    23.700] (II) GLX: Initialized DRISWRAST GL provider for screen 0
[    23.700] (II) Initializing extension XFree86-VidModeExtension
[    23.701] (II) Initializing extension XFree86-DGA
[    23.701] (II) Initializing extension XFree86-DRI
[    23.701] (II) Initializing extension DRI2
[    23.705] (II) vmware(0): Setting screen physical size to 211 x 158
[    23.734] (II) config/udev: Adding input device Power Button (/dev/input/event0)
[    23.734] (**) Power Button: Applying InputClass "libinput keyboard catchall"
[    23.734] (II) LoadModule: "libinput"
[    23.734] (II) Loading /usr/lib/xorg/modules/input/libinput_drv.so
[    23.735] (II) Module libinput: vendor="X.Org Foundation"
[    23.735] 	compiled for 1.20.1, module version = 0.28.1
[    23.736] 	Module class: X.Org XInput Driver
[    23.736] 	ABI class: X.Org XInput driver, version 24.1
[    23.736] (II) Using input driver 'libinput' for 'Power Button'
[    23.745] (II) systemd-logind: got fd for /dev/input/event0 13:64 fd 21 paused 0
[    23.745] (**) Power Button: always reports core events
[    23.745] (**) Option "Device" "/dev/input/event0"
[    23.745] (**) Option "_source" "server/udev"
[    23.746] (II) event0  - Power Button: is tagged by udev as: Keyboard
[    23.746] (II) event0  - Power Button: device is a keyboard
[    23.746] (II) event0  - Power Button: device removed
[    23.746] (**) Option "config_info" "udev:/sys/devices/LNXSYSTM:00/LNXPWRBN:00/input/input0/event0"
[    23.746] (II) XINPUT: Adding extended input device "Power Button" (type: KEYBOARD, id 6)
[    23.746] (**) Option "xkb_model" "pc105"
[    23.746] (**) Option "xkb_layout" "us"
[    23.746] (II) event0  - Power Button: is tagged by udev as: Keyboard
[    23.746] (II) event0  - Power Button: device is a keyboard
[    23.750] (II) config/udev: Adding input device Sleep Button (/dev/input/event1)
[    23.750] (**) Sleep Button: Applying InputClass "libinput keyboard catchall"
[    23.750] (II) Using input driver 'libinput' for 'Sleep Button'
[    23.752] (II) systemd-logind: got fd for /dev/input/event1 13:65 fd 24 paused 0
[    23.752] (**) Sleep Button: always reports core events
[    23.752] (**) Option "Device" "/dev/input/event1"
[    23.752] (**) Option "_source" "server/udev"
[    23.752] (II) event1  - Sleep Button: is tagged by udev as: Keyboard
[    23.753] (II) event1  - Sleep Button: device is a keyboard
[    23.753] (II) event1  - Sleep Button: device removed
[    23.753] (**) Option "config_info" "udev:/sys/devices/LNXSYSTM:00/LNXSLPBN:00/input/input1/event1"
[    23.753] (II) XINPUT: Adding extended input device "Sleep Button" (type: KEYBOARD, id 7)
[    23.753] (**) Option "xkb_model" "pc105"
[    23.753] (**) Option "xkb_layout" "us"
[    23.755] (II) event1  - Sleep Button: is tagged by udev as: Keyboard
[    23.755] (II) event1  - Sleep Button: device is a keyboard
[    23.756] (II) config/udev: Adding input device Video Bus (/dev/input/event3)
[    23.756] (**) Video Bus: Applying InputClass "libinput keyboard catchall"
[    23.756] (II) Using input driver 'libinput' for 'Video Bus'
[    23.757] (II) systemd-logind: got fd for /dev/input/event3 13:67 fd 25 paused 0
[    23.757] (**) Video Bus: always reports core events
[    23.757] (**) Option "Device" "/dev/input/event3"
[    23.757] (**) Option "_source" "server/udev"
[    23.759] (II) event3  - Video Bus: is tagged by udev as: Keyboard
[    23.759] (II) event3  - Video Bus: device is a keyboard
[    23.759] (II) event3  - Video Bus: device removed
[    23.759] (**) Option "config_info" "udev:/sys/devices/LNXSYSTM:00/LNXSYBUS:00/PNP0A03:00/LNXVIDEO:00/input/input4/event3"
[    23.760] (II) XINPUT: Adding extended input device "Video Bus" (type: KEYBOARD, id 8)
[    23.760] (**) Option "xkb_model" "pc105"
[    23.760] (**) Option "xkb_layout" "us"
[    23.761] (II) event3  - Video Bus: is tagged by udev as: Keyboard
[    23.761] (II) event3  - Video Bus: device is a keyboard
[    23.762] (II) config/udev: Adding input device VirtualBox mouse integration (/dev/input/event6)
[    23.763] (**) VirtualBox mouse integration: Applying InputClass "libinput pointer catchall"
[    23.763] (II) Using input driver 'libinput' for 'VirtualBox mouse integration'
[    23.764] (II) systemd-logind: got fd for /dev/input/event6 13:70 fd 26 paused 0
[    23.764] (**) VirtualBox mouse integration: always reports core events
[    23.764] (**) Option "Device" "/dev/input/event6"
[    23.764] (**) Option "_source" "server/udev"
[    23.766] (II) event6  - VirtualBox mouse integration: is tagged by udev as: Mouse
[    23.766] (II) event6  - VirtualBox mouse integration: device is a pointer
[    23.766] (II) event6  - VirtualBox mouse integration: device removed
[    23.766] (**) Option "config_info" "udev:/sys/devices/pci0000:00/0000:00:04.0/input/input7/event6"
[    23.767] (II) XINPUT: Adding extended input device "VirtualBox mouse integration" (type: MOUSE, id 9)
[    23.767] (**) Option "AccelerationScheme" "none"
[    23.767] (**) VirtualBox mouse integration: (accel) selected scheme none/0
[    23.767] (**) VirtualBox mouse integration: (accel) acceleration factor: 2.000
[    23.767] (**) VirtualBox mouse integration: (accel) acceleration threshold: 4
[    23.767] (II) event6  - VirtualBox mouse integration: is tagged by udev as: Mouse
[    23.767] (II) event6  - VirtualBox mouse integration: device is a pointer
[    23.767] (II) config/udev: Adding input device VirtualBox mouse integration (/dev/input/js1)
[    23.769] (II) No input driver specified, ignoring this device.
[    23.770] (II) This device may have been added with another device file.
[    23.770] (II) config/udev: Adding input device VirtualBox USB Tablet (/dev/input/event5)
[    23.770] (**) VirtualBox USB Tablet: Applying InputClass "libinput pointer catchall"
[    23.770] (II) Using input driver 'libinput' for 'VirtualBox USB Tablet'
[    23.772] (II) systemd-logind: got fd for /dev/input/event5 13:69 fd 27 paused 0
[    23.772] (**) VirtualBox USB Tablet: always reports core events
[    23.772] (**) Option "Device" "/dev/input/event5"
[    23.772] (**) Option "_source" "server/udev"
[    23.774] (II) event5  - VirtualBox USB Tablet: is tagged by udev as: Mouse
[    23.774] (II) event5  - VirtualBox USB Tablet: device is a pointer
[    23.774] (II) event5  - VirtualBox USB Tablet: device removed
[    23.774] (**) Option "config_info" "udev:/sys/devices/pci0000:00/0000:00:06.0/usb1/1-1/1-1:1.0/0003:80EE:0021.0001/input/input6/event5"
[    23.774] (II) XINPUT: Adding extended input device "VirtualBox USB Tablet" (type: MOUSE, id 10)
[    23.774] (**) Option "AccelerationScheme" "none"
[    23.775] (**) VirtualBox USB Tablet: (accel) selected scheme none/0
[    23.775] (**) VirtualBox USB Tablet: (accel) acceleration factor: 2.000
[    23.775] (**) VirtualBox USB Tablet: (accel) acceleration threshold: 4
[    23.775] (II) event5  - VirtualBox USB Tablet: is tagged by udev as: Mouse
[    23.775] (II) event5  - VirtualBox USB Tablet: device is a pointer
[    23.777] (II) config/udev: Adding input device VirtualBox USB Tablet (/dev/input/js0)
[    23.777] (II) No input driver specified, ignoring this device.
[    23.777] (II) This device may have been added with another device file.
[    23.778] (II) config/udev: Adding input device VirtualBox USB Tablet (/dev/input/mouse1)
[    23.778] (II) No input driver specified, ignoring this device.
[    23.779] (II) This device may have been added with another device file.
[    23.779] (II) config/udev: Adding input device AT Translated Set 2 keyboard (/dev/input/event2)
[    23.780] (**) AT Translated Set 2 keyboard: Applying InputClass "libinput keyboard catchall"
[    23.780] (II) Using input driver 'libinput' for 'AT Translated Set 2 keyboard'
[    23.781] (II) systemd-logind: got fd for /dev/input/event2 13:66 fd 28 paused 0
[    23.781] (**) AT Translated Set 2 keyboard: always reports core events
[    23.781] (**) Option "Device" "/dev/input/event2"
[    23.782] (**) Option "_source" "server/udev"
[    23.782] (II) event2  - AT Translated Set 2 keyboard: is tagged by udev as: Keyboard
[    23.783] (II) event2  - AT Translated Set 2 keyboard: device is a keyboard
[    23.783] (II) event2  - AT Translated Set 2 keyboard: device removed
[    23.783] (**) Option "config_info" "udev:/sys/devices/platform/i8042/serio0/input/input2/event2"
[    23.783] (II) XINPUT: Adding extended input device "AT Translated Set 2 keyboard" (type: KEYBOARD, id 11)
[    23.783] (**) Option "xkb_model" "pc105"
[    23.784] (**) Option "xkb_layout" "us"
[    23.785] (II) event2  - AT Translated Set 2 keyboard: is tagged by udev as: Keyboard
[    23.785] (II) event2  - AT Translated Set 2 keyboard: device is a keyboard
[    23.786] (II) config/udev: Adding input device ImExPS/2 Generic Explorer Mouse (/dev/input/event4)
[    23.786] (**) ImExPS/2 Generic Explorer Mouse: Applying InputClass "libinput pointer catchall"
[    23.786] (II) Using input driver 'libinput' for 'ImExPS/2 Generic Explorer Mouse'
[    23.788] (II) systemd-logind: got fd for /dev/input/event4 13:68 fd 29 paused 0
[    23.788] (**) ImExPS/2 Generic Explorer Mouse: always reports core events
[    23.788] (**) Option "Device" "/dev/input/event4"
[    23.788] (**) Option "_source" "server/udev"
[    23.789] (II) event4  - ImExPS/2 Generic Explorer Mouse: is tagged by udev as: Mouse
[    23.789] (II) event4  - ImExPS/2 Generic Explorer Mouse: device is a pointer
[    23.789] (II) event4  - ImExPS/2 Generic Explorer Mouse: device removed
[    23.789] (**) Option "config_info" "udev:/sys/devices/platform/i8042/serio1/input/input5/event4"
[    23.789] (II) XINPUT: Adding extended input device "ImExPS/2 Generic Explorer Mouse" (type: MOUSE, id 12)
[    23.790] (**) Option "AccelerationScheme" "none"
[    23.790] (**) ImExPS/2 Generic Explorer Mouse: (accel) selected scheme none/0
[    23.790] (**) ImExPS/2 Generic Explorer Mouse: (accel) acceleration factor: 2.000
[    23.790] (**) ImExPS/2 Generic Explorer Mouse: (accel) acceleration threshold: 4
[    23.791] (II) event4  - ImExPS/2 Generic Explorer Mouse: is tagged by udev as: Mouse
[    23.791] (II) event4  - ImExPS/2 Generic Explorer Mouse: device is a pointer
[    23.792] (II) config/udev: Adding input device ImExPS/2 Generic Explorer Mouse (/dev/input/mouse0)
[    23.792] (II) No input driver specified, ignoring this device.
[    23.792] (II) This device may have been added with another device file.
[   136.609] (!!) vmware(0): New layout.
[   136.609] (!!) vmware(0): 0: 0 0 800 600
[   136.609] (!!) vmware(0): 
[   163.338] (**) Option "fd" "21"
[   163.338] (II) event0  - Power Button: device removed
[   163.339] (**) Option "fd" "24"
[   163.339] (II) event1  - Sleep Button: device removed
[   163.339] (**) Option "fd" "25"
[   163.339] (II) event3  - Video Bus: device removed
[   163.339] (**) Option "fd" "26"
[   163.340] (II) event6  - VirtualBox mouse integration: device removed
[   163.340] (**) Option "fd" "27"
[   163.340] (II) event5  - VirtualBox USB Tablet: device removed
[   163.340] (**) Option "fd" "28"
[   163.341] (II) event2  - AT Translated Set 2 keyboard: device removed
[   163.341] (**) Option "fd" "29"
[   163.341] (II) event4  - ImExPS/2 Generic Explorer Mouse: device removed
[   163.344] (II) UnloadModule: "libinput"
[   163.344] (II) systemd-logind: releasing fd for 13:68
[   163.401] (II) UnloadModule: "libinput"
[   163.401] (II) systemd-logind: releasing fd for 13:66
[   163.408] (II) UnloadModule: "libinput"
[   163.408] (II) systemd-logind: releasing fd for 13:69
[   163.411] (II) UnloadModule: "libinput"
[   163.411] (II) systemd-logind: releasing fd for 13:70
[   163.413] (II) UnloadModule: "libinput"
[   163.413] (II) systemd-logind: releasing fd for 13:67
[   163.415] (II) UnloadModule: "libinput"
[   163.415] (II) systemd-logind: releasing fd for 13:65
[   163.416] (II) UnloadModule: "libinput"
[   163.416] (II) systemd-logind: releasing fd for 13:64
[   163.419] (WW) xf86CloseConsole: KDSETMODE failed: Input/output error
[   163.419] (WW) xf86CloseConsole: VT_GETMODE failed: Input/output error
[   163.419] (WW) xf86CloseConsole: VT_ACTIVATE failed: Input/output error
[   163.423] (II) Server terminated successfully (0). Closing log file.
