[    50.436] (--) Log file renamed from "/home/jiayao/.local/share/xorg/Xorg.pid-1270.log" to "/home/jiayao/.local/share/xorg/Xorg.0.log"
[    50.437] 
X.Org X Server 1.20.4
X Protocol Version 11, Revision 0
[    50.437] Build Operating System: Linux 4.4.0-148-generic x86_64 Ubuntu
[    50.437] Current Operating System: Linux jiayao-VirtualBox 5.0.0-27-generic #28~18.04.1-Ubuntu SMP Thu Aug 22 03:00:32 UTC 2019 x86_64
[    50.437] Kernel command line: BOOT_IMAGE=/boot/vmlinuz-5.0.0-27-generic root=UUID=790dba9d-6ae8-43f9-b8e4-03ca54026eab ro quiet splash
[    50.438] Build Date: 02 May 2019  08:06:54AM
[    50.438] xorg-server-hwe-18.04 2:1.20.4-1ubuntu3~18.04.1 (For technical support please see http://www.ubuntu.com/support) 
[    50.438] Current version of pixman: 0.34.0
[    50.438] 	Before reporting problems, check http://wiki.x.org
	to make sure that you have the latest version.
[    50.438] Markers: (--) probed, (**) from config file, (==) default setting,
	(++) from command line, (!!) notice, (II) informational,
	(WW) warning, (EE) error, (NI) not implemented, (??) unknown.
[    50.438] (==) Log file: "/home/jiayao/.local/share/xorg/Xorg.0.log", Time: Fri Sep 20 12:06:13 2019
[    50.444] (==) Using system config directory "/usr/share/X11/xorg.conf.d"
[    50.448] (==) No Layout section.  Using the first Screen section.
[    50.448] (==) No screen section available. Using defaults.
[    50.448] (**) |-->Screen "Default Screen Section" (0)
[    50.448] (**) |   |-->Monitor "<default monitor>"
[    50.449] (==) No monitor specified for screen "Default Screen Section".
	Using a default monitor configuration.
[    50.449] (==) Automatically adding devices
[    50.449] (==) Automatically enabling devices
[    50.449] (==) Automatically adding GPU devices
[    50.449] (==) Automatically binding GPU devices
[    50.450] (==) Max clients allowed: 256, resource mask: 0x1fffff
[    50.450] (WW) The directory "/usr/share/fonts/X11/cyrillic" does not exist.
[    50.450] 	Entry deleted from font path.
[    50.450] (WW) The directory "/usr/share/fonts/X11/100dpi/" does not exist.
[    50.450] 	Entry deleted from font path.
[    50.450] (WW) The directory "/usr/share/fonts/X11/75dpi/" does not exist.
[    50.450] 	Entry deleted from font path.
[    50.450] (WW) The directory "/usr/share/fonts/X11/100dpi" does not exist.
[    50.450] 	Entry deleted from font path.
[    50.450] (WW) The directory "/usr/share/fonts/X11/75dpi" does not exist.
[    50.450] 	Entry deleted from font path.
[    50.451] (==) FontPath set to:
	/usr/share/fonts/X11/misc,
	/usr/share/fonts/X11/Type1,
	built-ins
[    50.451] (==) ModulePath set to "/usr/lib/xorg/modules"
[    50.451] (II) The server relies on udev to provide the list of input devices.
	If no devices become available, reconfigure udev or disable AutoAddDevices.
[    50.451] (II) Loader magic: 0x555f067e9020
[    50.451] (II) Module ABI versions:
[    50.451] 	X.Org ANSI C Emulation: 0.4
[    50.451] 	X.Org Video Driver: 24.0
[    50.451] 	X.Org XInput driver : 24.1
[    50.451] 	X.Org Server Extension : 10.0
[    50.452] (++) using VT number 2

[    50.454] (II) systemd-logind: took control of session /org/freedesktop/login1/session/_32
[    50.456] (II) xfree86: Adding drm device (/dev/dri/card0)
[    50.459] (II) systemd-logind: got fd for /dev/dri/card0 226:0 fd 12 paused 0
[    50.464] (--) PCI:*(0@0:2:0) 15ad:0405:15ad:0405 rev 0, Mem @ 0xf0000000/16777216, 0xf1000000/2097152, I/O @ 0x0000d010/16, BIOS @ 0x????????/131072
[    50.465] (II) LoadModule: "glx"
[    50.466] (II) Loading /usr/lib/xorg/modules/extensions/libglx.so
[    50.471] (II) Module glx: vendor="X.Org Foundation"
[    50.471] 	compiled for 1.20.4, module version = 1.0.0
[    50.471] 	ABI class: X.Org Server Extension, version 10.0
[    50.471] (==) Matched vmware as autoconfigured driver 0
[    50.471] (==) Matched modesetting as autoconfigured driver 1
[    50.471] (==) Matched fbdev as autoconfigured driver 2
[    50.471] (==) Matched vesa as autoconfigured driver 3
[    50.471] (==) Assigned the driver to the xf86ConfigLayout
[    50.471] (II) LoadModule: "vmware"
[    50.472] (II) Loading /usr/lib/xorg/modules/drivers/vmware_drv.so
[    50.512] (II) Module vmware: vendor="X.Org Foundation"
[    50.513] 	compiled for 1.20.1, module version = 13.3.0
[    50.514] 	Module class: X.Org Video Driver
[    50.514] 	ABI class: X.Org Video Driver, version 24.0
[    50.514] (II) LoadModule: "modesetting"
[    50.514] (II) Loading /usr/lib/xorg/modules/drivers/modesetting_drv.so
[    50.518] (II) Module modesetting: vendor="X.Org Foundation"
[    50.518] 	compiled for 1.20.4, module version = 1.20.4
[    50.518] 	Module class: X.Org Video Driver
[    50.518] 	ABI class: X.Org Video Driver, version 24.0
[    50.518] (II) LoadModule: "fbdev"
[    50.518] (II) Loading /usr/lib/xorg/modules/drivers/fbdev_drv.so
[    50.519] (II) Module fbdev: vendor="X.Org Foundation"
[    50.519] 	compiled for 1.20.1, module version = 0.5.0
[    50.519] 	Module class: X.Org Video Driver
[    50.519] 	ABI class: X.Org Video Driver, version 24.0
[    50.519] (II) LoadModule: "vesa"
[    50.519] (II) Loading /usr/lib/xorg/modules/drivers/vesa_drv.so
[    50.520] (II) Module vesa: vendor="X.Org Foundation"
[    50.520] 	compiled for 1.20.1, module version = 2.4.0
[    50.520] 	Module class: X.Org Video Driver
[    50.520] 	ABI class: X.Org Video Driver, version 24.0
[    50.520] (II) vmware: driver for VMware SVGA: vmware0405, vmware0710
[    50.520] (II) modesetting: Driver for Modesetting Kernel Drivers: kms
[    50.520] (II) FBDEV: driver for framebuffer: fbdev
[    50.520] (II) VESA: driver for VESA chipsets: vesa
[    50.520] xf86EnableIOPorts: failed to set IOPL for I/O (Operation not permitted)
[    50.520] (WW) Falling back to old probe method for modesetting
[    50.520] (WW) Falling back to old probe method for fbdev
[    50.520] (II) Loading sub module "fbdevhw"
[    50.520] (II) LoadModule: "fbdevhw"
[    50.520] (II) Loading /usr/lib/xorg/modules/libfbdevhw.so
[    50.521] (II) Module fbdevhw: vendor="X.Org Foundation"
[    50.521] 	compiled for 1.20.4, module version = 0.0.2
[    50.521] 	ABI class: X.Org Video Driver, version 24.0
[    50.521] (EE) open /dev/fb0: Permission denied
[    50.521] (WW) VGA arbiter: cannot open kernel arbiter, no multi-card support
[    50.521] (II) vmware(0): Creating default Display subsection in Screen section
	"Default Screen Section" for depth/fbbpp 24/32
[    50.521] (--) vmware(0): DRM driver version is 2.15.0
[    50.521] (==) vmware(0): Depth 24, (--) framebuffer bpp 32
[    50.521] (==) vmware(0): RGB weight 888
[    50.521] (==) vmware(0): Default visual is TrueColor
[    50.521] (--) vmware(0): Min width 1, Max Width 8192.
[    50.521] (--) vmware(0): Min height 1, Max Height 8192.
[    50.521] (II) vmware(0): Output Virtual1 has no monitor section
[    50.521] (II) vmware(0): Output Virtual2 has no monitor section
[    50.522] (II) vmware(0): Output Virtual3 has no monitor section
[    50.522] (II) vmware(0): Output Virtual4 has no monitor section
[    50.522] (II) vmware(0): Output Virtual5 has no monitor section
[    50.522] (II) vmware(0): Output Virtual6 has no monitor section
[    50.522] (II) vmware(0): Output Virtual7 has no monitor section
[    50.522] (II) vmware(0): Output Virtual8 has no monitor section
[    50.522] (II) vmware(0): Printing probed modes for output Virtual1
[    50.522] (II) vmware(0): Modeline "1049x600"x60.0   53.95  1049 1099 1149 1199  600 650 700 750 -hsync +vsync (45.0 kHz eP)
[    50.522] (II) vmware(0): Modeline "2560x1600"x60.0  348.50  2560 2752 3032 3504  1600 1603 1609 1658 -hsync +vsync (99.5 kHz e)
[    50.522] (II) vmware(0): Modeline "1920x1440"x60.0  234.00  1920 2048 2256 2600  1440 1441 1444 1500 -hsync +vsync (90.0 kHz e)
[    50.522] (II) vmware(0): Modeline "1856x1392"x60.0  218.25  1856 1952 2176 2528  1392 1393 1396 1439 -hsync +vsync (86.3 kHz e)
[    50.522] (II) vmware(0): Modeline "1792x1344"x60.0  204.75  1792 1920 2120 2448  1344 1345 1348 1394 -hsync +vsync (83.6 kHz e)
[    50.522] (II) vmware(0): Modeline "1920x1200"x59.9  193.25  1920 2056 2256 2592  1200 1203 1209 1245 -hsync +vsync (74.6 kHz e)
[    50.522] (II) vmware(0): Modeline "1600x1200"x60.0  162.00  1600 1664 1856 2160  1200 1201 1204 1250 +hsync +vsync (75.0 kHz e)
[    50.522] (II) vmware(0): Modeline "1680x1050"x60.0  146.25  1680 1784 1960 2240  1050 1053 1059 1089 -hsync +vsync (65.3 kHz e)
[    50.522] (II) vmware(0): Modeline "1400x1050"x60.0  121.75  1400 1488 1632 1864  1050 1053 1057 1089 -hsync +vsync (65.3 kHz e)
[    50.522] (II) vmware(0): Modeline "1280x1024"x60.0  108.00  1280 1328 1440 1688  1024 1025 1028 1066 +hsync +vsync (64.0 kHz e)
[    50.522] (II) vmware(0): Modeline "1440x900"x59.9  106.50  1440 1520 1672 1904  900 903 909 934 -hsync +vsync (55.9 kHz e)
[    50.522] (II) vmware(0): Modeline "1280x960"x60.0  108.00  1280 1376 1488 1800  960 961 964 1000 +hsync +vsync (60.0 kHz e)
[    50.522] (II) vmware(0): Modeline "1360x768"x60.0   85.50  1360 1424 1536 1792  768 771 777 795 +hsync +vsync (47.7 kHz e)
[    50.522] (II) vmware(0): Modeline "1280x800"x59.8   83.50  1280 1352 1480 1680  800 803 809 831 +hsync -vsync (49.7 kHz e)
[    50.522] (II) vmware(0): Modeline "1152x864"x75.0  108.00  1152 1216 1344 1600  864 865 868 900 +hsync +vsync (67.5 kHz e)
[    50.522] (II) vmware(0): Modeline "1280x768"x59.9   79.50  1280 1344 1472 1664  768 771 778 798 -hsync +vsync (47.8 kHz e)
[    50.522] (II) vmware(0): Modeline "1024x768"x60.0   65.00  1024 1048 1184 1344  768 771 777 806 -hsync -vsync (48.4 kHz e)
[    50.522] (II) vmware(0): Modeline "800x600"x60.3   40.00  800 840 968 1056  600 601 605 628 +hsync +vsync (37.9 kHz e)
[    50.522] (II) vmware(0): Modeline "640x480"x59.9   25.18  640 656 752 800  480 489 492 525 -hsync -vsync (31.5 kHz e)
[    50.522] (II) vmware(0): EDID for output Virtual2
[    50.522] (II) vmware(0): EDID for output Virtual3
[    50.522] (II) vmware(0): EDID for output Virtual4
[    50.522] (II) vmware(0): EDID for output Virtual5
[    50.522] (II) vmware(0): EDID for output Virtual6
[    50.522] (II) vmware(0): EDID for output Virtual7
[    50.522] (II) vmware(0): EDID for output Virtual8
[    50.522] (II) vmware(0): Output Virtual1 connected
[    50.522] (II) vmware(0): Output Virtual2 disconnected
[    50.522] (II) vmware(0): Output Virtual3 disconnected
[    50.522] (II) vmware(0): Output Virtual4 disconnected
[    50.522] (II) vmware(0): Output Virtual5 disconnected
[    50.522] (II) vmware(0): Output Virtual6 disconnected
[    50.522] (II) vmware(0): Output Virtual7 disconnected
[    50.522] (II) vmware(0): Output Virtual8 disconnected
[    50.522] (II) vmware(0): Using exact sizes for initial modes
[    50.522] (II) vmware(0): Output Virtual1 using initial mode 1049x600 +0+0
[    50.522] (==) vmware(0): DPI set to (96, 96)
[    50.522] (==) vmware(0): Using gamma correction (1.0, 1.0, 1.0)
[    50.522] (II) Loading sub module "fb"
[    50.522] (II) LoadModule: "fb"
[    50.522] (II) Loading /usr/lib/xorg/modules/libfb.so
[    50.525] (II) Module fb: vendor="X.Org Foundation"
[    50.525] 	compiled for 1.20.4, module version = 1.0.0
[    50.525] 	ABI class: X.Org ANSI C Emulation, version 0.4
[    50.525] (II) Loading sub module "dri2"
[    50.525] (II) LoadModule: "dri2"
[    50.525] (II) Module "dri2" already built-in
[    50.525] (II) Loading sub module "dri3"
[    50.525] (II) LoadModule: "dri3"
[    50.525] (II) Module "dri3" already built-in
[    50.525] (II) UnloadModule: "modesetting"
[    50.525] (II) Unloading modesetting
[    50.525] (II) UnloadModule: "fbdev"
[    50.525] (II) Unloading fbdev
[    50.525] (II) UnloadSubModule: "fbdevhw"
[    50.525] (II) Unloading fbdevhw
[    50.525] (II) UnloadModule: "vesa"
[    50.525] (II) Unloading vesa
[    50.527] (II) vmware(0): Initialized VMWARE_CTRL extension version 0.2
[    50.536] (WW) vmware(0): Failed to initialize Gallium3D Xa. No render acceleration available.
[    50.537] (WW) vmware(0): Skipped initialization of direct rendering due to lack of render acceleration.
[    50.537] (--) vmware(0): Render acceleration is disabled.
[    50.537] (==) vmware(0): Rendercheck mode is disabled.
[    50.537] (--) vmware(0): Direct rendering (DRI2 3D) is disabled.
[    50.537] (--) vmware(0): Direct rendering (DRI3 3D) is disabled.
[    50.537] (==) vmware(0): Backing store enabled
[    50.537] (==) vmware(0): Silken mouse enabled
[    50.538] (==) vmware(0): DPMS enabled
[    50.538] (II) vmware(0): No 3D acceleration. Not setting up textured video.
[    50.538] (WW) vmware(0): Disabling Xv because no adaptors could be initialized.
[    50.538] (II) Initializing extension Generic Event Extension
[    50.538] (II) Initializing extension SHAPE
[    50.538] (II) Initializing extension MIT-SHM
[    50.539] (II) Initializing extension XInputExtension
[    50.539] (II) Initializing extension XTEST
[    50.539] (II) Initializing extension BIG-REQUESTS
[    50.540] (II) Initializing extension SYNC
[    50.540] (II) Initializing extension XKEYBOARD
[    50.540] (II) Initializing extension XC-MISC
[    50.540] (II) Initializing extension SECURITY
[    50.540] (II) Initializing extension XFIXES
[    50.540] (II) Initializing extension RENDER
[    50.541] (II) Initializing extension RANDR
[    50.541] (II) Initializing extension COMPOSITE
[    50.541] (II) Initializing extension DAMAGE
[    50.541] (II) Initializing extension MIT-SCREEN-SAVER
[    50.541] (II) Initializing extension DOUBLE-BUFFER
[    50.541] (II) Initializing extension RECORD
[    50.542] (II) Initializing extension DPMS
[    50.542] (II) Initializing extension Present
[    50.542] (II) Initializing extension DRI3
[    50.542] (II) Initializing extension X-Resource
[    50.542] (II) Initializing extension XVideo
[    50.542] (II) Initializing extension XVideo-MotionCompensation
[    50.542] (II) Initializing extension SELinux
[    50.543] (II) SELinux: Disabled on system
[    50.543] (II) Initializing extension GLX
[    50.543] (II) AIGLX: Screen 0 is not DRI2 capable
[    50.549] (II) IGLX: Loaded and initialized swrast
[    50.549] (II) GLX: Initialized DRISWRAST GL provider for screen 0
[    50.549] (II) Initializing extension XFree86-VidModeExtension
[    50.549] (II) Initializing extension XFree86-DGA
[    50.549] (II) Initializing extension XFree86-DRI
[    50.550] (II) Initializing extension DRI2
[    50.554] (II) vmware(0): Setting screen physical size to 277 x 158
[    50.587] (II) config/udev: Adding input device Power Button (/dev/input/event0)
[    50.588] (**) Power Button: Applying InputClass "libinput keyboard catchall"
[    50.588] (II) LoadModule: "libinput"
[    50.588] (II) Loading /usr/lib/xorg/modules/input/libinput_drv.so
[    50.590] (II) Module libinput: vendor="X.Org Foundation"
[    50.590] 	compiled for 1.20.1, module version = 0.28.1
[    50.590] 	Module class: X.Org XInput Driver
[    50.590] 	ABI class: X.Org XInput driver, version 24.1
[    50.590] (II) Using input driver 'libinput' for 'Power Button'
[    50.600] (II) systemd-logind: got fd for /dev/input/event0 13:64 fd 20 paused 0
[    50.600] (**) Power Button: always reports core events
[    50.600] (**) Option "Device" "/dev/input/event0"
[    50.600] (**) Option "_source" "server/udev"
[    50.601] (II) event0  - Power Button: is tagged by udev as: Keyboard
[    50.601] (II) event0  - Power Button: device is a keyboard
[    50.601] (II) event0  - Power Button: device removed
[    50.601] (**) Option "config_info" "udev:/sys/devices/LNXSYSTM:00/LNXPWRBN:00/input/input0/event0"
[    50.601] (II) XINPUT: Adding extended input device "Power Button" (type: KEYBOARD, id 6)
[    50.602] (**) Option "xkb_model" "pc105"
[    50.602] (**) Option "xkb_layout" "us"
[    50.603] (II) event0  - Power Button: is tagged by udev as: Keyboard
[    50.603] (II) event0  - Power Button: device is a keyboard
[    50.604] (II) config/udev: Adding input device Sleep Button (/dev/input/event1)
[    50.604] (**) Sleep Button: Applying InputClass "libinput keyboard catchall"
[    50.604] (II) Using input driver 'libinput' for 'Sleep Button'
[    50.605] (II) systemd-logind: got fd for /dev/input/event1 13:65 fd 23 paused 0
[    50.606] (**) Sleep Button: always reports core events
[    50.606] (**) Option "Device" "/dev/input/event1"
[    50.606] (**) Option "_source" "server/udev"
[    50.607] (II) event1  - Sleep Button: is tagged by udev as: Keyboard
[    50.607] (II) event1  - Sleep Button: device is a keyboard
[    50.607] (II) event1  - Sleep Button: device removed
[    50.607] (**) Option "config_info" "udev:/sys/devices/LNXSYSTM:00/LNXSLPBN:00/input/input1/event1"
[    50.607] (II) XINPUT: Adding extended input device "Sleep Button" (type: KEYBOARD, id 7)
[    50.607] (**) Option "xkb_model" "pc105"
[    50.607] (**) Option "xkb_layout" "us"
[    50.608] (II) event1  - Sleep Button: is tagged by udev as: Keyboard
[    50.608] (II) event1  - Sleep Button: device is a keyboard
[    50.608] (II) config/udev: Adding input device Video Bus (/dev/input/event3)
[    50.610] (**) Video Bus: Applying InputClass "libinput keyboard catchall"
[    50.610] (II) Using input driver 'libinput' for 'Video Bus'
[    50.611] (II) systemd-logind: got fd for /dev/input/event3 13:67 fd 24 paused 0
[    50.611] (**) Video Bus: always reports core events
[    50.611] (**) Option "Device" "/dev/input/event3"
[    50.611] (**) Option "_source" "server/udev"
[    50.611] (II) event3  - Video Bus: is tagged by udev as: Keyboard
[    50.612] (II) event3  - Video Bus: device is a keyboard
[    50.612] (II) event3  - Video Bus: device removed
[    50.612] (**) Option "config_info" "udev:/sys/devices/LNXSYSTM:00/LNXSYBUS:00/PNP0A03:00/LNXVIDEO:00/input/input4/event3"
[    50.612] (II) XINPUT: Adding extended input device "Video Bus" (type: KEYBOARD, id 8)
[    50.612] (**) Option "xkb_model" "pc105"
[    50.612] (**) Option "xkb_layout" "us"
[    50.613] (II) event3  - Video Bus: is tagged by udev as: Keyboard
[    50.614] (II) event3  - Video Bus: device is a keyboard
[    50.615] (II) config/udev: Adding input device VirtualBox mouse integration (/dev/input/event6)
[    50.615] (**) VirtualBox mouse integration: Applying InputClass "libinput pointer catchall"
[    50.616] (II) Using input driver 'libinput' for 'VirtualBox mouse integration'
[    50.617] (II) systemd-logind: got fd for /dev/input/event6 13:70 fd 25 paused 0
[    50.617] (**) VirtualBox mouse integration: always reports core events
[    50.617] (**) Option "Device" "/dev/input/event6"
[    50.617] (**) Option "_source" "server/udev"
[    50.617] (II) event6  - VirtualBox mouse integration: is tagged by udev as: Mouse
[    50.617] (II) event6  - VirtualBox mouse integration: device is a pointer
[    50.618] (II) event6  - VirtualBox mouse integration: device removed
[    50.618] (**) Option "config_info" "udev:/sys/devices/pci0000:00/0000:00:04.0/input/input7/event6"
[    50.618] (II) XINPUT: Adding extended input device "VirtualBox mouse integration" (type: MOUSE, id 9)
[    50.618] (**) Option "AccelerationScheme" "none"
[    50.618] (**) VirtualBox mouse integration: (accel) selected scheme none/0
[    50.618] (**) VirtualBox mouse integration: (accel) acceleration factor: 2.000
[    50.620] (**) VirtualBox mouse integration: (accel) acceleration threshold: 4
[    50.620] (II) event6  - VirtualBox mouse integration: is tagged by udev as: Mouse
[    50.620] (II) event6  - VirtualBox mouse integration: device is a pointer
[    50.620] (II) config/udev: Adding input device VirtualBox mouse integration (/dev/input/js1)
[    50.621] (II) No input driver specified, ignoring this device.
[    50.621] (II) This device may have been added with another device file.
[    50.622] (II) config/udev: Adding input device VirtualBox USB Tablet (/dev/input/event5)
[    50.622] (**) VirtualBox USB Tablet: Applying InputClass "libinput pointer catchall"
[    50.623] (II) Using input driver 'libinput' for 'VirtualBox USB Tablet'
[    50.680] (II) systemd-logind: got fd for /dev/input/event5 13:69 fd 26 paused 0
[    50.680] (**) VirtualBox USB Tablet: always reports core events
[    50.680] (**) Option "Device" "/dev/input/event5"
[    50.680] (**) Option "_source" "server/udev"
[    50.689] (II) event5  - VirtualBox USB Tablet: is tagged by udev as: Mouse
[    50.689] (II) event5  - VirtualBox USB Tablet: device is a pointer
[    50.689] (II) event5  - VirtualBox USB Tablet: device removed
[    50.689] (**) Option "config_info" "udev:/sys/devices/pci0000:00/0000:00:06.0/usb1/1-1/1-1:1.0/0003:80EE:0021.0001/input/input6/event5"
[    50.690] (II) XINPUT: Adding extended input device "VirtualBox USB Tablet" (type: MOUSE, id 10)
[    50.690] (**) Option "AccelerationScheme" "none"
[    50.690] (**) VirtualBox USB Tablet: (accel) selected scheme none/0
[    50.690] (**) VirtualBox USB Tablet: (accel) acceleration factor: 2.000
[    50.690] (**) VirtualBox USB Tablet: (accel) acceleration threshold: 4
[    50.691] (II) event5  - VirtualBox USB Tablet: is tagged by udev as: Mouse
[    50.691] (II) event5  - VirtualBox USB Tablet: device is a pointer
[    50.693] (II) config/udev: Adding input device VirtualBox USB Tablet (/dev/input/js0)
[    50.693] (II) No input driver specified, ignoring this device.
[    50.693] (II) This device may have been added with another device file.
[    50.694] (II) config/udev: Adding input device VirtualBox USB Tablet (/dev/input/mouse1)
[    50.694] (II) No input driver specified, ignoring this device.
[    50.694] (II) This device may have been added with another device file.
[    50.696] (II) config/udev: Adding input device AT Translated Set 2 keyboard (/dev/input/event2)
[    50.696] (**) AT Translated Set 2 keyboard: Applying InputClass "libinput keyboard catchall"
[    50.696] (II) Using input driver 'libinput' for 'AT Translated Set 2 keyboard'
[    50.697] (II) systemd-logind: got fd for /dev/input/event2 13:66 fd 27 paused 0
[    50.697] (**) AT Translated Set 2 keyboard: always reports core events
[    50.697] (**) Option "Device" "/dev/input/event2"
[    50.697] (**) Option "_source" "server/udev"
[    50.698] (II) event2  - AT Translated Set 2 keyboard: is tagged by udev as: Keyboard
[    50.698] (II) event2  - AT Translated Set 2 keyboard: device is a keyboard
[    50.698] (II) event2  - AT Translated Set 2 keyboard: device removed
[    50.698] (**) Option "config_info" "udev:/sys/devices/platform/i8042/serio0/input/input2/event2"
[    50.698] (II) XINPUT: Adding extended input device "AT Translated Set 2 keyboard" (type: KEYBOARD, id 11)
[    50.698] (**) Option "xkb_model" "pc105"
[    50.698] (**) Option "xkb_layout" "us"
[    50.700] (II) event2  - AT Translated Set 2 keyboard: is tagged by udev as: Keyboard
[    50.700] (II) event2  - AT Translated Set 2 keyboard: device is a keyboard
[    50.701] (II) config/udev: Adding input device ImExPS/2 Generic Explorer Mouse (/dev/input/event4)
[    50.701] (**) ImExPS/2 Generic Explorer Mouse: Applying InputClass "libinput pointer catchall"
[    50.701] (II) Using input driver 'libinput' for 'ImExPS/2 Generic Explorer Mouse'
[    50.702] (II) systemd-logind: got fd for /dev/input/event4 13:68 fd 28 paused 0
[    50.702] (**) ImExPS/2 Generic Explorer Mouse: always reports core events
[    50.702] (**) Option "Device" "/dev/input/event4"
[    50.702] (**) Option "_source" "server/udev"
[    50.704] (II) event4  - ImExPS/2 Generic Explorer Mouse: is tagged by udev as: Mouse
[    50.704] (II) event4  - ImExPS/2 Generic Explorer Mouse: device is a pointer
[    50.704] (II) event4  - ImExPS/2 Generic Explorer Mouse: device removed
[    50.704] (**) Option "config_info" "udev:/sys/devices/platform/i8042/serio1/input/input5/event4"
[    50.705] (II) XINPUT: Adding extended input device "ImExPS/2 Generic Explorer Mouse" (type: MOUSE, id 12)
[    50.705] (**) Option "AccelerationScheme" "none"
[    50.705] (**) ImExPS/2 Generic Explorer Mouse: (accel) selected scheme none/0
[    50.705] (**) ImExPS/2 Generic Explorer Mouse: (accel) acceleration factor: 2.000
[    50.705] (**) ImExPS/2 Generic Explorer Mouse: (accel) acceleration threshold: 4
[    50.706] (II) event4  - ImExPS/2 Generic Explorer Mouse: is tagged by udev as: Mouse
[    50.706] (II) event4  - ImExPS/2 Generic Explorer Mouse: device is a pointer
[    50.707] (II) config/udev: Adding input device ImExPS/2 Generic Explorer Mouse (/dev/input/mouse0)
[    50.707] (II) No input driver specified, ignoring this device.
[    50.707] (II) This device may have been added with another device file.
[  1227.056] (!!) vmware(0): New layout.
[  1227.057] (!!) vmware(0): 0: 0 0 1577 964
[  1227.057] (!!) vmware(0): 
[  1227.066] (EE) No surface to present from.
[  1263.957] (!!) vmware(0): New layout.
[  1263.957] (!!) vmware(0): 0: 0 0 1049 600
[  1263.957] (!!) vmware(0): 
[  2001.792] (II) config/udev: removing device VirtualBox USB Tablet
[  2001.792] (**) Option "fd" "26"
[  2001.796] (II) event5  - VirtualBox USB Tablet: device removed
[  2001.799] (II) UnloadModule: "libinput"
[  2001.801] (II) systemd-logind: releasing fd for 13:69
